SF:lib/core/network/network_info.dart
DA:10,1
DA:12,1
DA:13,2
LF:3
LH:3
end_of_record
SF:lib/features/home/data/datasources/movie_local_datasource.dart
DA:24,1
DA:28,1
DA:31,2
DA:33,1
DA:35,2
DA:38,2
DA:39,1
DA:40,1
DA:42,1
DA:44,1
DA:49,1
DA:50,1
DA:51,3
DA:54,1
LF:14
LH:14
end_of_record
SF:lib/features/home/data/models/movie_model.g.dart
DA:9,8
DA:10,4
DA:11,4
DA:13,16
DA:14,4
DA:15,4
DA:16,4
DA:17,4
DA:18,4
DA:19,4
DA:20,8
DA:21,4
DA:22,4
DA:23,4
DA:24,8
DA:25,4
DA:28,3
DA:29,3
DA:30,3
DA:31,3
DA:32,3
DA:33,3
DA:34,3
DA:35,3
DA:36,3
DA:37,3
DA:38,3
DA:39,3
DA:40,3
DA:41,3
DA:42,3
DA:43,3
DA:44,3
LF:33
LH:33
end_of_record
SF:lib/features/home/data/models/movie_model.dart
DA:39,6
DA:57,4
DA:58,4
DA:60,6
DA:62,4
DA:63,4
DA:64,4
DA:65,4
DA:66,4
DA:67,4
DA:68,4
DA:69,4
DA:70,4
DA:71,4
DA:72,4
DA:73,4
DA:74,4
DA:75,4
DA:76,4
DA:77,4
DA:78,4
DA:81,2
DA:82,2
DA:83,2
DA:84,2
DA:85,2
DA:86,2
DA:87,2
DA:88,2
DA:89,2
DA:90,2
DA:91,2
DA:92,2
DA:93,2
DA:94,2
DA:95,2
DA:96,2
DA:97,2
LF:38
LH:38
end_of_record
SF:lib/features/home/domain/entities/movie.dart
DA:20,6
DA:38,0
DA:41,2
DA:43,2
DA:44,2
DA:45,2
DA:46,2
DA:47,2
DA:48,2
DA:49,2
DA:50,2
DA:51,2
DA:52,2
DA:53,2
DA:54,2
DA:55,2
DA:56,2
DA:57,2
DA:58,2
LF:19
LH:18
end_of_record
SF:lib/features/home/data/datasources/movie_remote_datasource.dart
DA:20,1
DA:23,1
DA:24,3
DA:25,2
DA:26,2
DA:29,1
DA:32,2
DA:34,3
DA:36,2
DA:39,1
LF:10
LH:10
end_of_record
SF:lib/features/home/data/models/movie_response_model.dart
DA:10,2
DA:12,2
DA:17,2
DA:18,2
DA:20,2
LF:5
LH:5
end_of_record
SF:lib/features/home/data/models/movie_response_model.g.dart
DA:9,2
DA:10,2
DA:11,2
DA:12,6
DA:13,2
DA:15,2
DA:16,2
DA:17,2
DA:20,1
DA:21,1
DA:22,1
DA:23,1
DA:24,1
DA:25,5
LF:14
LH:14
end_of_record
SF:lib/core/data/models/base_response_model.dart
DA:7,4
DA:22,2
DA:23,8
LF:3
LH:3
end_of_record
SF:lib/features/home/data/datasources/genre_remote_datasource.dart
DA:17,1
DA:20,1
DA:21,3
DA:22,2
DA:23,2
DA:26,1
DA:29,2
DA:31,3
DA:32,2
DA:34,1
LF:10
LH:10
end_of_record
SF:lib/features/home/data/models/genre_response_model.dart
DA:9,4
DA:14,2
DA:15,2
DA:17,2
LF:4
LH:4
end_of_record
SF:lib/features/home/data/models/genre_response_model.g.dart
DA:9,2
DA:10,2
DA:11,2
DA:12,6
DA:13,2
DA:17,1
DA:18,1
DA:19,5
LF:8
LH:8
end_of_record
SF:lib/features/home/data/models/genre_model.g.dart
DA:9,8
DA:10,4
DA:11,4
DA:14,3
DA:15,3
DA:16,3
DA:17,3
LF:7
LH:7
end_of_record
SF:lib/features/home/data/models/genre_model.dart
DA:12,5
DA:14,4
DA:15,4
DA:17,6
DA:19,4
DA:20,12
DA:22,2
DA:23,6
LF:8
LH:8
end_of_record
SF:lib/features/home/domain/entities/genre.dart
DA:9,4
DA:11,0
DA:14,2
DA:15,6
LF:4
LH:3
end_of_record
SF:lib/features/home/data/datasources/genre_local_datasource.dart
DA:19,1
DA:22,1
DA:24,2
DA:25,1
DA:27,2
DA:29,2
DA:30,1
DA:31,1
DA:33,1
DA:35,0
DA:40,1
DA:41,1
DA:42,3
DA:44,1
LF:14
LH:13
end_of_record
SF:lib/core/errors/failure.dart
DA:4,2
DA:5,2
LF:2
LH:2
end_of_record
SF:lib/features/home/data/repositories/genre_repository_impl.dart
DA:18,1
DA:25,1
DA:26,3
DA:28,3
DA:29,2
DA:30,2
DA:31,1
DA:32,2
DA:37,3
DA:38,2
DA:39,1
DA:40,2
DA:45,1
DA:46,1
DA:48,2
DA:49,2
LF:16
LH:16
end_of_record
SF:lib/features/home/data/repositories/movie_repository_impl.dart
DA:18,1
DA:25,1
DA:27,3
DA:30,3
DA:31,3
DA:32,1
DA:33,1
DA:34,1
DA:35,2
DA:40,3
DA:41,2
DA:42,1
DA:43,2
DA:48,1
DA:49,1
DA:51,2
DA:52,2
LF:17
LH:17
end_of_record
SF:lib/features/home/domain/usecases/get_trending_movies.dart
DA:11,1
DA:16,1
DA:17,4
DA:23,1
DA:25,1
DA:27,0
DA:28,0
LF:7
LH:5
end_of_record
SF:lib/core/usecases/usecase.dart
DA:10,0
DA:11,0
LF:2
LH:0
end_of_record
SF:lib/features/home/domain/usecases/get_genres.dart
DA:11,1
DA:14,1
DA:15,3
LF:3
LH:3
end_of_record
