SF:lib/core/errors/failure.dart
DA:4,2
DA:5,2
LF:2
LH:2
end_of_record
SF:lib/features/home/data/models/genre_model.dart
DA:5,4
DA:8,2
DA:9,1
DA:10,1
DA:13,2
DA:14,1
DA:15,1
LF:7
LH:7
end_of_record
SF:lib/features/home/data/repositories/genre_repository_impl.dart
DA:18,1
DA:25,1
DA:26,3
DA:28,3
DA:29,2
DA:30,1
DA:31,1
DA:32,2
DA:36,3
DA:37,1
DA:38,1
DA:39,2
LF:12
LH:12
end_of_record
SF:lib/features/home/domain/entities/genre.dart
DA:9,3
DA:11,0
DA:14,1
DA:15,3
LF:4
LH:3
end_of_record
SF:lib/features/home/data/models/movie_model.dart
DA:4,2
DA:20,2
DA:38,2
DA:39,1
DA:40,1
DA:41,4
DA:42,1
DA:43,1
DA:44,1
DA:45,1
DA:46,1
DA:47,1
DA:48,2
DA:49,1
DA:50,1
DA:51,1
DA:52,2
DA:53,1
DA:56,2
DA:57,1
DA:58,1
DA:59,1
DA:60,1
DA:61,1
DA:62,1
DA:63,1
DA:64,1
DA:65,1
DA:66,1
DA:67,1
DA:68,1
DA:69,1
DA:70,1
DA:71,1
LF:34
LH:34
end_of_record
SF:lib/features/home/domain/entities/movie.dart
DA:22,3
DA:40,0
DA:43,1
DA:45,1
DA:46,1
DA:47,1
DA:48,1
DA:49,1
DA:50,1
DA:51,1
DA:52,1
DA:53,1
DA:54,1
DA:55,1
DA:56,1
DA:57,1
DA:58,1
DA:59,1
DA:60,1
LF:19
LH:18
end_of_record
SF:lib/features/home/data/repositories/movie_repository_impl.dart
DA:17,1
DA:25,1
DA:26,3
DA:28,3
DA:29,3
DA:30,1
DA:31,1
DA:32,2
DA:36,3
DA:37,1
DA:38,1
DA:39,2
LF:12
LH:12
end_of_record
SF:lib/features/home/domain/usecases/get_trending_movies.dart
DA:11,1
DA:16,1
DA:17,4
DA:23,1
DA:25,1
DA:27,0
DA:29,0
LF:7
LH:5
end_of_record
SF:lib/core/usecases/usecase.dart
DA:10,0
DA:11,0
LF:2
LH:0
end_of_record
SF:lib/features/home/domain/usecases/get_genres.dart
DA:11,1
DA:14,1
DA:15,3
LF:3
LH:3
end_of_record
